 Input name:
 Read from:
 NileRed.inp                                                                    
                      
 rho read from: rho_0.dat                                         
( 1.00, 0.00)( 0.00, 0.00)( 0.00, 0.00)( 0.00, 0.00)( 0.00, 0.00)( 0.00, 0.00)( 0.00, 0.00)( 0.00, 0.00)( 0.00, 0.00)( 0.00, 0.00)( 0.00, 0.00)( 0.00, 0.00)( 0.00, 0.00)( 0.00, 0.00)( 0.00, 0.00)( 0.00, 0.00)( 0.00, 0.00)( 0.00, 0.00)( 0.00, 0.00)( 0.00, 0.00)
 
( 0.00, 0.00)( 0.00, 0.00)( 0.00, 0.00)( 0.00, 0.00)( 0.00, 0.00)( 0.00, 0.00)( 0.00, 0.00)( 0.00, 0.00)( 0.00, 0.00)( 0.00, 0.00)( 0.00, 0.00)( 0.00, 0.00)( 0.00, 0.00)( 0.00, 0.00)( 0.00, 0.00)( 0.00, 0.00)( 0.00, 0.00)( 0.00, 0.00)( 0.00, 0.00)( 0.00, 0.00)
 
( 0.00, 0.00)( 0.00, 0.00)( 0.00, 0.00)( 0.00, 0.00)( 0.00, 0.00)( 0.00, 0.00)( 0.00, 0.00)( 0.00, 0.00)( 0.00, 0.00)( 0.00, 0.00)( 0.00, 0.00)( 0.00, 0.00)( 0.00, 0.00)( 0.00, 0.00)( 0.00, 0.00)( 0.00, 0.00)( 0.00, 0.00)( 0.00, 0.00)( 0.00, 0.00)( 0.00, 0.00)
 
( 0.00, 0.00)( 0.00, 0.00)( 0.00, 0.00)( 0.00, 0.00)( 0.00, 0.00)( 0.00, 0.00)( 0.00, 0.00)( 0.00, 0.00)( 0.00, 0.00)( 0.00, 0.00)( 0.00, 0.00)( 0.00, 0.00)( 0.00, 0.00)( 0.00, 0.00)( 0.00, 0.00)( 0.00, 0.00)( 0.00, 0.00)( 0.00, 0.00)( 0.00, 0.00)( 0.00, 0.00)
 
( 0.00, 0.00)( 0.00, 0.00)( 0.00, 0.00)( 0.00, 0.00)( 0.00, 0.00)( 0.00, 0.00)( 0.00, 0.00)( 0.00, 0.00)( 0.00, 0.00)( 0.00, 0.00)( 0.00, 0.00)( 0.00, 0.00)( 0.00, 0.00)( 0.00, 0.00)( 0.00, 0.00)( 0.00, 0.00)( 0.00, 0.00)( 0.00, 0.00)( 0.00, 0.00)( 0.00, 0.00)
 
( 0.00, 0.00)( 0.00, 0.00)( 0.00, 0.00)( 0.00, 0.00)( 0.00, 0.00)( 0.00, 0.00)( 0.00, 0.00)( 0.00, 0.00)( 0.00, 0.00)( 0.00, 0.00)( 0.00, 0.00)( 0.00, 0.00)( 0.00, 0.00)( 0.00, 0.00)( 0.00, 0.00)( 0.00, 0.00)( 0.00, 0.00)( 0.00, 0.00)( 0.00, 0.00)( 0.00, 0.00)
 
( 0.00, 0.00)( 0.00, 0.00)( 0.00, 0.00)( 0.00, 0.00)( 0.00, 0.00)( 0.00, 0.00)( 0.00, 0.00)( 0.00, 0.00)( 0.00, 0.00)( 0.00, 0.00)( 0.00, 0.00)( 0.00, 0.00)( 0.00, 0.00)( 0.00, 0.00)( 0.00, 0.00)( 0.00, 0.00)( 0.00, 0.00)( 0.00, 0.00)( 0.00, 0.00)( 0.00, 0.00)
 
( 0.00, 0.00)( 0.00, 0.00)( 0.00, 0.00)( 0.00, 0.00)( 0.00, 0.00)( 0.00, 0.00)( 0.00, 0.00)( 0.00, 0.00)( 0.00, 0.00)( 0.00, 0.00)( 0.00, 0.00)( 0.00, 0.00)( 0.00, 0.00)( 0.00, 0.00)( 0.00, 0.00)( 0.00, 0.00)( 0.00, 0.00)( 0.00, 0.00)( 0.00, 0.00)( 0.00, 0.00)
 
( 0.00, 0.00)( 0.00, 0.00)( 0.00, 0.00)( 0.00, 0.00)( 0.00, 0.00)( 0.00, 0.00)( 0.00, 0.00)( 0.00, 0.00)( 0.00, 0.00)( 0.00, 0.00)( 0.00, 0.00)( 0.00, 0.00)( 0.00, 0.00)( 0.00, 0.00)( 0.00, 0.00)( 0.00, 0.00)( 0.00, 0.00)( 0.00, 0.00)( 0.00, 0.00)( 0.00, 0.00)
 
( 0.00, 0.00)( 0.00, 0.00)( 0.00, 0.00)( 0.00, 0.00)( 0.00, 0.00)( 0.00, 0.00)( 0.00, 0.00)( 0.00, 0.00)( 0.00, 0.00)( 0.00, 0.00)( 0.00, 0.00)( 0.00, 0.00)( 0.00, 0.00)( 0.00, 0.00)( 0.00, 0.00)( 0.00, 0.00)( 0.00, 0.00)( 0.00, 0.00)( 0.00, 0.00)( 0.00, 0.00)
 
( 0.00, 0.00)( 0.00, 0.00)( 0.00, 0.00)( 0.00, 0.00)( 0.00, 0.00)( 0.00, 0.00)( 0.00, 0.00)( 0.00, 0.00)( 0.00, 0.00)( 0.00, 0.00)( 0.00, 0.00)( 0.00, 0.00)( 0.00, 0.00)( 0.00, 0.00)( 0.00, 0.00)( 0.00, 0.00)( 0.00, 0.00)( 0.00, 0.00)( 0.00, 0.00)( 0.00, 0.00)
 
( 0.00, 0.00)( 0.00, 0.00)( 0.00, 0.00)( 0.00, 0.00)( 0.00, 0.00)( 0.00, 0.00)( 0.00, 0.00)( 0.00, 0.00)( 0.00, 0.00)( 0.00, 0.00)( 0.00, 0.00)( 0.00, 0.00)( 0.00, 0.00)( 0.00, 0.00)( 0.00, 0.00)( 0.00, 0.00)( 0.00, 0.00)( 0.00, 0.00)( 0.00, 0.00)( 0.00, 0.00)
 
( 0.00, 0.00)( 0.00, 0.00)( 0.00, 0.00)( 0.00, 0.00)( 0.00, 0.00)( 0.00, 0.00)( 0.00, 0.00)( 0.00, 0.00)( 0.00, 0.00)( 0.00, 0.00)( 0.00, 0.00)( 0.00, 0.00)( 0.00, 0.00)( 0.00, 0.00)( 0.00, 0.00)( 0.00, 0.00)( 0.00, 0.00)( 0.00, 0.00)( 0.00, 0.00)( 0.00, 0.00)
 
( 0.00, 0.00)( 0.00, 0.00)( 0.00, 0.00)( 0.00, 0.00)( 0.00, 0.00)( 0.00, 0.00)( 0.00, 0.00)( 0.00, 0.00)( 0.00, 0.00)( 0.00, 0.00)( 0.00, 0.00)( 0.00, 0.00)( 0.00, 0.00)( 0.00, 0.00)( 0.00, 0.00)( 0.00, 0.00)( 0.00, 0.00)( 0.00, 0.00)( 0.00, 0.00)( 0.00, 0.00)
 
( 0.00, 0.00)( 0.00, 0.00)( 0.00, 0.00)( 0.00, 0.00)( 0.00, 0.00)( 0.00, 0.00)( 0.00, 0.00)( 0.00, 0.00)( 0.00, 0.00)( 0.00, 0.00)( 0.00, 0.00)( 0.00, 0.00)( 0.00, 0.00)( 0.00, 0.00)( 0.00, 0.00)( 0.00, 0.00)( 0.00, 0.00)( 0.00, 0.00)( 0.00, 0.00)( 0.00, 0.00)
 
( 0.00, 0.00)( 0.00, 0.00)( 0.00, 0.00)( 0.00, 0.00)( 0.00, 0.00)( 0.00, 0.00)( 0.00, 0.00)( 0.00, 0.00)( 0.00, 0.00)( 0.00, 0.00)( 0.00, 0.00)( 0.00, 0.00)( 0.00, 0.00)( 0.00, 0.00)( 0.00, 0.00)( 0.00, 0.00)( 0.00, 0.00)( 0.00, 0.00)( 0.00, 0.00)( 0.00, 0.00)
 
( 0.00, 0.00)( 0.00, 0.00)( 0.00, 0.00)( 0.00, 0.00)( 0.00, 0.00)( 0.00, 0.00)( 0.00, 0.00)( 0.00, 0.00)( 0.00, 0.00)( 0.00, 0.00)( 0.00, 0.00)( 0.00, 0.00)( 0.00, 0.00)( 0.00, 0.00)( 0.00, 0.00)( 0.00, 0.00)( 0.00, 0.00)( 0.00, 0.00)( 0.00, 0.00)( 0.00, 0.00)
 
( 0.00, 0.00)( 0.00, 0.00)( 0.00, 0.00)( 0.00, 0.00)( 0.00, 0.00)( 0.00, 0.00)( 0.00, 0.00)( 0.00, 0.00)( 0.00, 0.00)( 0.00, 0.00)( 0.00, 0.00)( 0.00, 0.00)( 0.00, 0.00)( 0.00, 0.00)( 0.00, 0.00)( 0.00, 0.00)( 0.00, 0.00)( 0.00, 0.00)( 0.00, 0.00)( 0.00, 0.00)
 
( 0.00, 0.00)( 0.00, 0.00)( 0.00, 0.00)( 0.00, 0.00)( 0.00, 0.00)( 0.00, 0.00)( 0.00, 0.00)( 0.00, 0.00)( 0.00, 0.00)( 0.00, 0.00)( 0.00, 0.00)( 0.00, 0.00)( 0.00, 0.00)( 0.00, 0.00)( 0.00, 0.00)( 0.00, 0.00)( 0.00, 0.00)( 0.00, 0.00)( 0.00, 0.00)( 0.00, 0.00)
 
( 0.00, 0.00)( 0.00, 0.00)( 0.00, 0.00)( 0.00, 0.00)( 0.00, 0.00)( 0.00, 0.00)( 0.00, 0.00)( 0.00, 0.00)( 0.00, 0.00)( 0.00, 0.00)( 0.00, 0.00)( 0.00, 0.00)( 0.00, 0.00)( 0.00, 0.00)( 0.00, 0.00)( 0.00, 0.00)( 0.00, 0.00)( 0.00, 0.00)( 0.00, 0.00)( 0.00, 0.00)
 
 
 H read from: Hamiltonian_rot.dat                               
(-1.19, 0.00)( 0.00, 0.00)( 0.00, 0.00)( 0.00, 0.00)( 0.00, 0.00)( 0.00, 0.00)( 0.00, 0.00)( 0.00, 0.00)( 0.00, 0.00)( 0.00, 0.00)( 0.00, 0.00)( 0.00, 0.00)( 0.00, 0.00)( 0.00, 0.00)( 0.00, 0.00)( 0.00, 0.00)( 0.00, 0.00)( 0.00, 0.00)( 0.00, 0.00)( 0.00, 0.00)
 
( 0.00, 0.00)(-1.00, 0.00)( 0.00, 0.00)( 0.00, 0.00)( 0.00, 0.00)( 0.00, 0.00)( 0.00, 0.00)( 0.00, 0.00)( 0.00, 0.00)( 0.00, 0.00)( 0.00, 0.00)( 0.00, 0.00)( 0.00, 0.00)( 0.00, 0.00)( 0.00, 0.00)( 0.00, 0.00)( 0.00, 0.00)( 0.00, 0.00)( 0.00, 0.00)( 0.00, 0.00)
 
( 0.00, 0.00)( 0.00, 0.00)(-0.75, 0.00)( 0.00, 0.00)( 0.00, 0.00)( 0.00, 0.00)( 0.00, 0.00)( 0.00, 0.00)( 0.00, 0.00)( 0.00, 0.00)( 0.00, 0.00)( 0.00, 0.00)( 0.00, 0.00)( 0.00, 0.00)( 0.00, 0.00)( 0.00, 0.00)( 0.00, 0.00)( 0.00, 0.00)( 0.00, 0.00)( 0.00, 0.00)
 
( 0.00, 0.00)( 0.00, 0.00)( 0.00, 0.00)(-0.45, 0.00)( 0.00, 0.00)( 0.00, 0.00)( 0.00, 0.00)( 0.00, 0.00)( 0.00, 0.00)( 0.00, 0.00)( 0.00, 0.00)( 0.00, 0.00)( 0.00, 0.00)( 0.00, 0.00)( 0.00, 0.00)( 0.00, 0.00)( 0.00, 0.00)( 0.00, 0.00)( 0.00, 0.00)( 0.00, 0.00)
 
( 0.00, 0.00)( 0.00, 0.00)( 0.00, 0.00)( 0.00, 0.00)(-0.10, 0.00)( 0.00, 0.00)( 0.00, 0.00)( 0.00, 0.00)( 0.00, 0.00)( 0.00, 0.00)( 0.00, 0.00)( 0.00, 0.00)( 0.00, 0.00)( 0.00, 0.00)( 0.00, 0.00)( 0.00, 0.00)( 0.00, 0.00)( 0.00, 0.00)( 0.00, 0.00)( 0.00, 0.00)
 
( 0.00, 0.00)( 0.00, 0.00)( 0.00, 0.00)( 0.00, 0.00)( 0.00, 0.00)( 0.26, 0.00)( 0.00, 0.00)( 0.00, 0.00)( 0.00, 0.00)( 0.00, 0.00)( 0.00, 0.00)( 0.00, 0.00)( 0.00, 0.00)( 0.00, 0.00)( 0.00, 0.00)( 0.00, 0.00)( 0.00, 0.00)( 0.00, 0.00)( 0.00, 0.00)( 0.00, 0.00)
 
( 0.00, 0.00)( 0.00, 0.00)( 0.00, 0.00)( 0.00, 0.00)( 0.00, 0.00)( 0.00, 0.00)( 0.63, 0.00)( 0.00, 0.00)( 0.00, 0.00)( 0.00, 0.00)( 0.00, 0.00)( 0.00, 0.00)( 0.00, 0.00)( 0.00, 0.00)( 0.00, 0.00)( 0.00, 0.00)( 0.00, 0.00)( 0.00, 0.00)( 0.00, 0.00)( 0.00, 0.00)
 
( 0.00, 0.00)( 0.00, 0.00)( 0.00, 0.00)( 0.00, 0.00)( 0.00, 0.00)( 0.00, 0.00)( 0.00, 0.00)( 1.05, 0.00)( 0.00, 0.00)( 0.00, 0.00)( 0.00, 0.00)( 0.00, 0.00)( 0.00, 0.00)( 0.00, 0.00)( 0.00, 0.00)( 0.00, 0.00)( 0.00, 0.00)( 0.00, 0.00)( 0.00, 0.00)( 0.00, 0.00)
 
( 0.00, 0.00)( 0.00, 0.00)( 0.00, 0.00)( 0.00, 0.00)( 0.00, 0.00)( 0.00, 0.00)( 0.00, 0.00)( 0.00, 0.00)( 1.40, 0.00)( 0.00, 0.00)( 0.00, 0.00)( 0.00, 0.00)( 0.00, 0.00)( 0.00, 0.00)( 0.00, 0.00)( 0.00, 0.00)( 0.00, 0.00)( 0.00, 0.00)( 0.00, 0.00)( 0.00, 0.00)
 
( 0.00, 0.00)( 0.00, 0.00)( 0.00, 0.00)( 0.00, 0.00)( 0.00, 0.00)( 0.00, 0.00)( 0.00, 0.00)( 0.00, 0.00)( 0.00, 0.00)( 1.54, 0.00)( 0.00, 0.00)( 0.00, 0.00)( 0.00, 0.00)( 0.00, 0.00)( 0.00, 0.00)( 0.00, 0.00)( 0.00, 0.00)( 0.00, 0.00)( 0.00, 0.00)( 0.00, 0.00)
 
( 0.00, 0.00)( 0.00, 0.00)( 0.00, 0.00)( 0.00, 0.00)( 0.00, 0.00)( 0.00, 0.00)( 0.00, 0.00)( 0.00, 0.00)( 0.00, 0.00)( 0.00, 0.00)( 1.59, 0.00)( 0.00, 0.00)( 0.00, 0.00)( 0.00, 0.00)( 0.00, 0.00)( 0.00, 0.00)( 0.00, 0.00)( 0.00, 0.00)( 0.00, 0.00)( 0.00, 0.00)
 
( 0.00, 0.00)( 0.00, 0.00)( 0.00, 0.00)( 0.00, 0.00)( 0.00, 0.00)( 0.00, 0.00)( 0.00, 0.00)( 0.00, 0.00)( 0.00, 0.00)( 0.00, 0.00)( 0.00, 0.00)( 1.84, 0.00)( 0.00, 0.00)( 0.00, 0.00)( 0.00, 0.00)( 0.00, 0.00)( 0.00, 0.00)( 0.00, 0.00)( 0.00, 0.00)( 0.00, 0.00)
 
( 0.00, 0.00)( 0.00, 0.00)( 0.00, 0.00)( 0.00, 0.00)( 0.00, 0.00)( 0.00, 0.00)( 0.00, 0.00)( 0.00, 0.00)( 0.00, 0.00)( 0.00, 0.00)( 0.00, 0.00)( 0.00, 0.00)( 2.14, 0.00)( 0.00, 0.00)( 0.00, 0.00)( 0.00, 0.00)( 0.00, 0.00)( 0.00, 0.00)( 0.00, 0.00)( 0.00, 0.00)
 
( 0.00, 0.00)( 0.00, 0.00)( 0.00, 0.00)( 0.00, 0.00)( 0.00, 0.00)( 0.00, 0.00)( 0.00, 0.00)( 0.00, 0.00)( 0.00, 0.00)( 0.00, 0.00)( 0.00, 0.00)( 0.00, 0.00)( 0.00, 0.00)( 2.16, 0.00)( 0.00, 0.00)( 0.00, 0.00)( 0.00, 0.00)( 0.00, 0.00)( 0.00, 0.00)( 0.00, 0.00)
 
( 0.00, 0.00)( 0.00, 0.00)( 0.00, 0.00)( 0.00, 0.00)( 0.00, 0.00)( 0.00, 0.00)( 0.00, 0.00)( 0.00, 0.00)( 0.00, 0.00)( 0.00, 0.00)( 0.00, 0.00)( 0.00, 0.00)( 0.00, 0.00)( 0.00, 0.00)( 2.49, 0.00)( 0.00, 0.00)( 0.00, 0.00)( 0.00, 0.00)( 0.00, 0.00)( 0.00, 0.00)
 
( 0.00, 0.00)( 0.00, 0.00)( 0.00, 0.00)( 0.00, 0.00)( 0.00, 0.00)( 0.00, 0.00)( 0.00, 0.00)( 0.00, 0.00)( 0.00, 0.00)( 0.00, 0.00)( 0.00, 0.00)( 0.00, 0.00)( 0.00, 0.00)( 0.00, 0.00)( 0.00, 0.00)( 2.85, 0.00)( 0.00, 0.00)( 0.00, 0.00)( 0.00, 0.00)( 0.00, 0.00)
 
( 0.00, 0.00)( 0.00, 0.00)( 0.00, 0.00)( 0.00, 0.00)( 0.00, 0.00)( 0.00, 0.00)( 0.00, 0.00)( 0.00, 0.00)( 0.00, 0.00)( 0.00, 0.00)( 0.00, 0.00)( 0.00, 0.00)( 0.00, 0.00)( 0.00, 0.00)( 0.00, 0.00)( 0.00, 0.00)( 3.22, 0.00)( 0.00, 0.00)( 0.00, 0.00)( 0.00, 0.00)
 
( 0.00, 0.00)( 0.00, 0.00)( 0.00, 0.00)( 0.00, 0.00)( 0.00, 0.00)( 0.00, 0.00)( 0.00, 0.00)( 0.00, 0.00)( 0.00, 0.00)( 0.00, 0.00)( 0.00, 0.00)( 0.00, 0.00)( 0.00, 0.00)( 0.00, 0.00)( 0.00, 0.00)( 0.00, 0.00)( 0.00, 0.00)( 3.64, 0.00)( 0.00, 0.00)( 0.00, 0.00)
 
( 0.00, 0.00)( 0.00, 0.00)( 0.00, 0.00)( 0.00, 0.00)( 0.00, 0.00)( 0.00, 0.00)( 0.00, 0.00)( 0.00, 0.00)( 0.00, 0.00)( 0.00, 0.00)( 0.00, 0.00)( 0.00, 0.00)( 0.00, 0.00)( 0.00, 0.00)( 0.00, 0.00)( 0.00, 0.00)( 0.00, 0.00)( 0.00, 0.00)( 4.13, 0.00)( 0.00, 0.00)
 
( 0.00, 0.00)( 0.00, 0.00)( 0.00, 0.00)( 0.00, 0.00)( 0.00, 0.00)( 0.00, 0.00)( 0.00, 0.00)( 0.00, 0.00)( 0.00, 0.00)( 0.00, 0.00)( 0.00, 0.00)( 0.00, 0.00)( 0.00, 0.00)( 0.00, 0.00)( 0.00, 0.00)( 0.00, 0.00)( 0.00, 0.00)( 0.00, 0.00)( 0.00, 0.00)( 4.75, 0.00)
 
 
 first operator read from: Q_rot.dat                                         
( 4.24, 0.00)( 0.85, 0.00)(-0.03, 0.00)(-0.04, 0.00)( 0.01, 0.00)(-0.01, 0.00)( 0.01, 0.00)(-0.00, 0.00)(-0.00, 0.00)(-0.00, 0.00)(-0.00, 0.00)(-0.00, 0.00)(-0.00, 0.00)(-0.00, 0.00)(-0.00, 0.00)(-0.00, 0.00)( 0.00, 0.00)(-0.00, 0.00)(-0.00, 0.00)( 0.00, 0.00)
 
( 0.85, 0.00)( 3.78, 0.00)(-1.00, 0.00)(-0.08, 0.00)( 0.07, 0.00)(-0.02, 0.00)( 0.02, 0.00)(-0.01, 0.00)(-0.00, 0.00)(-0.01, 0.00)( 0.00, 0.00)(-0.00, 0.00)(-0.00, 0.00)(-0.01, 0.00)(-0.00, 0.00)( 0.00, 0.00)(-0.00, 0.00)( 0.00, 0.00)( 0.00, 0.00)( 0.00, 0.00)
 
(-0.03, 0.00)(-1.00, 0.00)( 2.93, 0.00)( 1.03, 0.00)(-0.11, 0.00)( 0.08, 0.00)(-0.03, 0.00)( 0.02, 0.00)(-0.00, 0.00)( 0.02, 0.00)(-0.00, 0.00)(-0.00, 0.00)( 0.00, 0.00)( 0.01, 0.00)( 0.00, 0.00)(-0.00, 0.00)(-0.00, 0.00)( 0.00, 0.00)( 0.00, 0.00)( 0.00, 0.00)
 
(-0.04, 0.00)(-0.08, 0.00)( 1.03, 0.00)( 1.85, 0.00)(-1.03, 0.00)( 0.15, 0.00)(-0.09, 0.00)( 0.04, 0.00)( 0.00, 0.00)( 0.03, 0.00)( 0.00, 0.00)( 0.00, 0.00)( 0.00, 0.00)( 0.02, 0.00)( 0.00, 0.00)( 0.00, 0.00)(-0.00, 0.00)(-0.00, 0.00)( 0.00, 0.00)( 0.00, 0.00)
 
( 0.01, 0.00)( 0.07, 0.00)(-0.11, 0.00)(-1.03, 0.00)( 0.66, 0.00)(-1.00, 0.00)( 0.19, 0.00)(-0.09, 0.00)(-0.00, 0.00)(-0.04, 0.00)( 0.00, 0.00)(-0.00, 0.00)(-0.00, 0.00)(-0.03, 0.00)( 0.00, 0.00)(-0.00, 0.00)(-0.00, 0.00)( 0.00, 0.00)(-0.00, 0.00)( 0.00, 0.00)
 
(-0.01, 0.00)(-0.02, 0.00)( 0.08, 0.00)( 0.15, 0.00)(-1.00, 0.00)(-0.52, 0.00)(-0.93, 0.00)( 0.19, 0.00)(-0.00, 0.00)( 0.08, 0.00)( 0.00, 0.00)( 0.00, 0.00)( 0.00, 0.00)( 0.04, 0.00)(-0.00, 0.00)( 0.00, 0.00)( 0.00, 0.00)( 0.00, 0.00)( 0.00, 0.00)(-0.00, 0.00)
 
( 0.01, 0.00)( 0.02, 0.00)(-0.03, 0.00)(-0.09, 0.00)( 0.19, 0.00)(-0.93, 0.00)(-1.59, 0.00)(-0.82, 0.00)(-0.00, 0.00)(-0.17, 0.00)(-0.00, 0.00)( 0.00, 0.00)(-0.00, 0.00)(-0.06, 0.00)(-0.00, 0.00)( 0.00, 0.00)( 0.00, 0.00)( 0.00, 0.00)( 0.00, 0.00)(-0.00, 0.00)
 
(-0.00, 0.00)(-0.01, 0.00)( 0.02, 0.00)( 0.04, 0.00)(-0.09, 0.00)( 0.19, 0.00)(-0.82, 0.00)(-2.60, 0.00)( 0.00, 0.00)( 0.67, 0.00)(-0.00, 0.00)( 0.00, 0.00)( 0.00, 0.00)( 0.13, 0.00)(-0.00, 0.00)( 0.00, 0.00)(-0.00, 0.00)( 0.00, 0.00)(-0.00, 0.00)( 0.00, 0.00)
 
( 0.00, 0.00)(-0.00, 0.00)(-0.00, 0.00)( 0.00, 0.00)(-0.00, 0.00)(-0.00, 0.00)(-0.00, 0.00)( 0.00, 0.00)( 4.24, 0.00)(-0.00, 0.00)( 0.85, 0.00)( 0.03, 0.00)( 0.04, 0.00)(-0.00, 0.00)( 0.01, 0.00)( 0.01, 0.00)(-0.01, 0.00)(-0.00, 0.00)(-0.00, 0.00)(-0.00, 0.00)
 
(-0.00, 0.00)(-0.01, 0.00)( 0.02, 0.00)( 0.03, 0.00)(-0.04, 0.00)( 0.08, 0.00)(-0.17, 0.00)( 0.67, 0.00)(-0.00, 0.00)(-3.71, 0.00)( 0.00, 0.00)( 0.00, 0.00)( 0.00, 0.00)( 0.47, 0.00)(-0.00, 0.00)( 0.00, 0.00)(-0.00, 0.00)(-0.00, 0.00)( 0.00, 0.00)(-0.00, 0.00)
 
(-0.00, 0.00)(-0.00, 0.00)(-0.00, 0.00)( 0.00, 0.00)( 0.00, 0.00)( 0.00, 0.00)(-0.00, 0.00)(-0.00, 0.00)( 0.85, 0.00)( 0.00, 0.00)( 3.78, 0.00)( 1.00, 0.00)( 0.08, 0.00)(-0.00, 0.00)( 0.07, 0.00)( 0.02, 0.00)(-0.02, 0.00)(-0.01, 0.00)(-0.01, 0.00)(-0.01, 0.00)
 
(-0.00, 0.00)( 0.00, 0.00)(-0.00, 0.00)( 0.00, 0.00)(-0.00, 0.00)( 0.00, 0.00)( 0.00, 0.00)( 0.00, 0.00)( 0.03, 0.00)( 0.00, 0.00)( 1.00, 0.00)( 2.93, 0.00)( 1.03, 0.00)(-0.00, 0.00)( 0.11, 0.00)( 0.08, 0.00)(-0.03, 0.00)(-0.02, 0.00)(-0.02, 0.00)(-0.01, 0.00)
 
(-0.00, 0.00)(-0.00, 0.00)( 0.00, 0.00)( 0.00, 0.00)(-0.00, 0.00)( 0.00, 0.00)(-0.00, 0.00)( 0.00, 0.00)( 0.04, 0.00)( 0.00, 0.00)( 0.08, 0.00)( 1.03, 0.00)( 1.85, 0.00)(-0.00, 0.00)( 1.03, 0.00)( 0.15, 0.00)(-0.09, 0.00)(-0.04, 0.00)(-0.03, 0.00)(-0.02, 0.00)
 
(-0.00, 0.00)(-0.01, 0.00)( 0.01, 0.00)( 0.02, 0.00)(-0.03, 0.00)( 0.04, 0.00)(-0.06, 0.00)( 0.13, 0.00)(-0.00, 0.00)( 0.47, 0.00)(-0.00, 0.00)(-0.00, 0.00)(-0.00, 0.00)(-5.04, 0.00)(-0.00, 0.00)(-0.00, 0.00)( 0.00, 0.00)( 0.00, 0.00)( 0.00, 0.00)( 0.00, 0.00)
 
(-0.00, 0.00)(-0.00, 0.00)( 0.00, 0.00)( 0.00, 0.00)( 0.00, 0.00)(-0.00, 0.00)(-0.00, 0.00)(-0.00, 0.00)( 0.01, 0.00)( 0.00, 0.00)( 0.07, 0.00)( 0.11, 0.00)( 1.03, 0.00)(-0.00, 0.00)( 0.66, 0.00)( 1.00, 0.00)(-0.19, 0.00)(-0.09, 0.00)(-0.04, 0.00)(-0.03, 0.00)
 
(-0.00, 0.00)( 0.00, 0.00)(-0.00, 0.00)( 0.00, 0.00)( 0.00, 0.00)( 0.00, 0.00)( 0.00, 0.00)( 0.00, 0.00)( 0.01, 0.00)( 0.00, 0.00)( 0.02, 0.00)( 0.08, 0.00)( 0.15, 0.00)(-0.00, 0.00)( 1.00, 0.00)(-0.52, 0.00)(-0.93, 0.00)(-0.19, 0.00)(-0.08, 0.00)(-0.04, 0.00)
 
( 0.00, 0.00)(-0.00, 0.00)(-0.00, 0.00)(-0.00, 0.00)(-0.00, 0.00)( 0.00, 0.00)( 0.00, 0.00)(-0.00, 0.00)(-0.01, 0.00)(-0.00, 0.00)(-0.02, 0.00)(-0.03, 0.00)(-0.09, 0.00)( 0.00, 0.00)(-0.19, 0.00)(-0.93, 0.00)(-1.59, 0.00)( 0.82, 0.00)( 0.17, 0.00)( 0.06, 0.00)
 
(-0.00, 0.00)( 0.00, 0.00)( 0.00, 0.00)(-0.00, 0.00)( 0.00, 0.00)( 0.00, 0.00)( 0.00, 0.00)( 0.00, 0.00)(-0.00, 0.00)(-0.00, 0.00)(-0.01, 0.00)(-0.02, 0.00)(-0.04, 0.00)( 0.00, 0.00)(-0.09, 0.00)(-0.19, 0.00)( 0.82, 0.00)(-2.60, 0.00)( 0.67, 0.00)( 0.13, 0.00)
 
(-0.00, 0.00)( 0.00, 0.00)( 0.00, 0.00)( 0.00, 0.00)(-0.00, 0.00)( 0.00, 0.00)( 0.00, 0.00)(-0.00, 0.00)(-0.00, 0.00)( 0.00, 0.00)(-0.01, 0.00)(-0.02, 0.00)(-0.03, 0.00)( 0.00, 0.00)(-0.04, 0.00)(-0.08, 0.00)( 0.17, 0.00)( 0.67, 0.00)(-3.71, 0.00)( 0.47, 0.00)
 
( 0.00, 0.00)( 0.00, 0.00)( 0.00, 0.00)( 0.00, 0.00)( 0.00, 0.00)(-0.00, 0.00)(-0.00, 0.00)( 0.00, 0.00)(-0.00, 0.00)(-0.00, 0.00)(-0.01, 0.00)(-0.01, 0.00)(-0.02, 0.00)( 0.00, 0.00)(-0.03, 0.00)(-0.04, 0.00)( 0.06, 0.00)( 0.13, 0.00)( 0.47, 0.00)(-5.04, 0.00)
 
 
 second operator read from: Q_rot.dat                                         
( 4.24, 0.00)( 0.85, 0.00)(-0.03, 0.00)(-0.04, 0.00)( 0.01, 0.00)(-0.01, 0.00)( 0.01, 0.00)(-0.00, 0.00)(-0.00, 0.00)(-0.00, 0.00)(-0.00, 0.00)(-0.00, 0.00)(-0.00, 0.00)(-0.00, 0.00)(-0.00, 0.00)(-0.00, 0.00)( 0.00, 0.00)(-0.00, 0.00)(-0.00, 0.00)( 0.00, 0.00)
 
( 0.85, 0.00)( 3.78, 0.00)(-1.00, 0.00)(-0.08, 0.00)( 0.07, 0.00)(-0.02, 0.00)( 0.02, 0.00)(-0.01, 0.00)(-0.00, 0.00)(-0.01, 0.00)( 0.00, 0.00)(-0.00, 0.00)(-0.00, 0.00)(-0.01, 0.00)(-0.00, 0.00)( 0.00, 0.00)(-0.00, 0.00)( 0.00, 0.00)( 0.00, 0.00)( 0.00, 0.00)
 
(-0.03, 0.00)(-1.00, 0.00)( 2.93, 0.00)( 1.03, 0.00)(-0.11, 0.00)( 0.08, 0.00)(-0.03, 0.00)( 0.02, 0.00)(-0.00, 0.00)( 0.02, 0.00)(-0.00, 0.00)(-0.00, 0.00)( 0.00, 0.00)( 0.01, 0.00)( 0.00, 0.00)(-0.00, 0.00)(-0.00, 0.00)( 0.00, 0.00)( 0.00, 0.00)( 0.00, 0.00)
 
(-0.04, 0.00)(-0.08, 0.00)( 1.03, 0.00)( 1.85, 0.00)(-1.03, 0.00)( 0.15, 0.00)(-0.09, 0.00)( 0.04, 0.00)( 0.00, 0.00)( 0.03, 0.00)( 0.00, 0.00)( 0.00, 0.00)( 0.00, 0.00)( 0.02, 0.00)( 0.00, 0.00)( 0.00, 0.00)(-0.00, 0.00)(-0.00, 0.00)( 0.00, 0.00)( 0.00, 0.00)
 
( 0.01, 0.00)( 0.07, 0.00)(-0.11, 0.00)(-1.03, 0.00)( 0.66, 0.00)(-1.00, 0.00)( 0.19, 0.00)(-0.09, 0.00)(-0.00, 0.00)(-0.04, 0.00)( 0.00, 0.00)(-0.00, 0.00)(-0.00, 0.00)(-0.03, 0.00)( 0.00, 0.00)(-0.00, 0.00)(-0.00, 0.00)( 0.00, 0.00)(-0.00, 0.00)( 0.00, 0.00)
 
(-0.01, 0.00)(-0.02, 0.00)( 0.08, 0.00)( 0.15, 0.00)(-1.00, 0.00)(-0.52, 0.00)(-0.93, 0.00)( 0.19, 0.00)(-0.00, 0.00)( 0.08, 0.00)( 0.00, 0.00)( 0.00, 0.00)( 0.00, 0.00)( 0.04, 0.00)(-0.00, 0.00)( 0.00, 0.00)( 0.00, 0.00)( 0.00, 0.00)( 0.00, 0.00)(-0.00, 0.00)
 
( 0.01, 0.00)( 0.02, 0.00)(-0.03, 0.00)(-0.09, 0.00)( 0.19, 0.00)(-0.93, 0.00)(-1.59, 0.00)(-0.82, 0.00)(-0.00, 0.00)(-0.17, 0.00)(-0.00, 0.00)( 0.00, 0.00)(-0.00, 0.00)(-0.06, 0.00)(-0.00, 0.00)( 0.00, 0.00)( 0.00, 0.00)( 0.00, 0.00)( 0.00, 0.00)(-0.00, 0.00)
 
(-0.00, 0.00)(-0.01, 0.00)( 0.02, 0.00)( 0.04, 0.00)(-0.09, 0.00)( 0.19, 0.00)(-0.82, 0.00)(-2.60, 0.00)( 0.00, 0.00)( 0.67, 0.00)(-0.00, 0.00)( 0.00, 0.00)( 0.00, 0.00)( 0.13, 0.00)(-0.00, 0.00)( 0.00, 0.00)(-0.00, 0.00)( 0.00, 0.00)(-0.00, 0.00)( 0.00, 0.00)
 
( 0.00, 0.00)(-0.00, 0.00)(-0.00, 0.00)( 0.00, 0.00)(-0.00, 0.00)(-0.00, 0.00)(-0.00, 0.00)( 0.00, 0.00)( 4.24, 0.00)(-0.00, 0.00)( 0.85, 0.00)( 0.03, 0.00)( 0.04, 0.00)(-0.00, 0.00)( 0.01, 0.00)( 0.01, 0.00)(-0.01, 0.00)(-0.00, 0.00)(-0.00, 0.00)(-0.00, 0.00)
 
(-0.00, 0.00)(-0.01, 0.00)( 0.02, 0.00)( 0.03, 0.00)(-0.04, 0.00)( 0.08, 0.00)(-0.17, 0.00)( 0.67, 0.00)(-0.00, 0.00)(-3.71, 0.00)( 0.00, 0.00)( 0.00, 0.00)( 0.00, 0.00)( 0.47, 0.00)(-0.00, 0.00)( 0.00, 0.00)(-0.00, 0.00)(-0.00, 0.00)( 0.00, 0.00)(-0.00, 0.00)
 
(-0.00, 0.00)(-0.00, 0.00)(-0.00, 0.00)( 0.00, 0.00)( 0.00, 0.00)( 0.00, 0.00)(-0.00, 0.00)(-0.00, 0.00)( 0.85, 0.00)( 0.00, 0.00)( 3.78, 0.00)( 1.00, 0.00)( 0.08, 0.00)(-0.00, 0.00)( 0.07, 0.00)( 0.02, 0.00)(-0.02, 0.00)(-0.01, 0.00)(-0.01, 0.00)(-0.01, 0.00)
 
(-0.00, 0.00)( 0.00, 0.00)(-0.00, 0.00)( 0.00, 0.00)(-0.00, 0.00)( 0.00, 0.00)( 0.00, 0.00)( 0.00, 0.00)( 0.03, 0.00)( 0.00, 0.00)( 1.00, 0.00)( 2.93, 0.00)( 1.03, 0.00)(-0.00, 0.00)( 0.11, 0.00)( 0.08, 0.00)(-0.03, 0.00)(-0.02, 0.00)(-0.02, 0.00)(-0.01, 0.00)
 
(-0.00, 0.00)(-0.00, 0.00)( 0.00, 0.00)( 0.00, 0.00)(-0.00, 0.00)( 0.00, 0.00)(-0.00, 0.00)( 0.00, 0.00)( 0.04, 0.00)( 0.00, 0.00)( 0.08, 0.00)( 1.03, 0.00)( 1.85, 0.00)(-0.00, 0.00)( 1.03, 0.00)( 0.15, 0.00)(-0.09, 0.00)(-0.04, 0.00)(-0.03, 0.00)(-0.02, 0.00)
 
(-0.00, 0.00)(-0.01, 0.00)( 0.01, 0.00)( 0.02, 0.00)(-0.03, 0.00)( 0.04, 0.00)(-0.06, 0.00)( 0.13, 0.00)(-0.00, 0.00)( 0.47, 0.00)(-0.00, 0.00)(-0.00, 0.00)(-0.00, 0.00)(-5.04, 0.00)(-0.00, 0.00)(-0.00, 0.00)( 0.00, 0.00)( 0.00, 0.00)( 0.00, 0.00)( 0.00, 0.00)
 
(-0.00, 0.00)(-0.00, 0.00)( 0.00, 0.00)( 0.00, 0.00)( 0.00, 0.00)(-0.00, 0.00)(-0.00, 0.00)(-0.00, 0.00)( 0.01, 0.00)( 0.00, 0.00)( 0.07, 0.00)( 0.11, 0.00)( 1.03, 0.00)(-0.00, 0.00)( 0.66, 0.00)( 1.00, 0.00)(-0.19, 0.00)(-0.09, 0.00)(-0.04, 0.00)(-0.03, 0.00)
 
(-0.00, 0.00)( 0.00, 0.00)(-0.00, 0.00)( 0.00, 0.00)( 0.00, 0.00)( 0.00, 0.00)( 0.00, 0.00)( 0.00, 0.00)( 0.01, 0.00)( 0.00, 0.00)( 0.02, 0.00)( 0.08, 0.00)( 0.15, 0.00)(-0.00, 0.00)( 1.00, 0.00)(-0.52, 0.00)(-0.93, 0.00)(-0.19, 0.00)(-0.08, 0.00)(-0.04, 0.00)
 
( 0.00, 0.00)(-0.00, 0.00)(-0.00, 0.00)(-0.00, 0.00)(-0.00, 0.00)( 0.00, 0.00)( 0.00, 0.00)(-0.00, 0.00)(-0.01, 0.00)(-0.00, 0.00)(-0.02, 0.00)(-0.03, 0.00)(-0.09, 0.00)( 0.00, 0.00)(-0.19, 0.00)(-0.93, 0.00)(-1.59, 0.00)( 0.82, 0.00)( 0.17, 0.00)( 0.06, 0.00)
 
(-0.00, 0.00)( 0.00, 0.00)( 0.00, 0.00)(-0.00, 0.00)( 0.00, 0.00)( 0.00, 0.00)( 0.00, 0.00)( 0.00, 0.00)(-0.00, 0.00)(-0.00, 0.00)(-0.01, 0.00)(-0.02, 0.00)(-0.04, 0.00)( 0.00, 0.00)(-0.09, 0.00)(-0.19, 0.00)( 0.82, 0.00)(-2.60, 0.00)( 0.67, 0.00)( 0.13, 0.00)
 
(-0.00, 0.00)( 0.00, 0.00)( 0.00, 0.00)( 0.00, 0.00)(-0.00, 0.00)( 0.00, 0.00)( 0.00, 0.00)(-0.00, 0.00)(-0.00, 0.00)( 0.00, 0.00)(-0.01, 0.00)(-0.02, 0.00)(-0.03, 0.00)( 0.00, 0.00)(-0.04, 0.00)(-0.08, 0.00)( 0.17, 0.00)( 0.67, 0.00)(-3.71, 0.00)( 0.47, 0.00)
 
( 0.00, 0.00)( 0.00, 0.00)( 0.00, 0.00)( 0.00, 0.00)( 0.00, 0.00)(-0.00, 0.00)(-0.00, 0.00)( 0.00, 0.00)(-0.00, 0.00)(-0.00, 0.00)(-0.01, 0.00)(-0.01, 0.00)(-0.02, 0.00)( 0.00, 0.00)(-0.03, 0.00)(-0.04, 0.00)( 0.06, 0.00)( 0.13, 0.00)( 0.47, 0.00)(-5.04, 0.00)
 
 
 second operator read from: Q_rot.dat                                         
( 4.24, 0.00)( 0.85, 0.00)(-0.03, 0.00)(-0.04, 0.00)( 0.01, 0.00)(-0.01, 0.00)( 0.01, 0.00)(-0.00, 0.00)(-0.00, 0.00)(-0.00, 0.00)(-0.00, 0.00)(-0.00, 0.00)(-0.00, 0.00)(-0.00, 0.00)(-0.00, 0.00)(-0.00, 0.00)( 0.00, 0.00)(-0.00, 0.00)(-0.00, 0.00)( 0.00, 0.00)
 
( 0.85, 0.00)( 3.78, 0.00)(-1.00, 0.00)(-0.08, 0.00)( 0.07, 0.00)(-0.02, 0.00)( 0.02, 0.00)(-0.01, 0.00)(-0.00, 0.00)(-0.01, 0.00)( 0.00, 0.00)(-0.00, 0.00)(-0.00, 0.00)(-0.01, 0.00)(-0.00, 0.00)( 0.00, 0.00)(-0.00, 0.00)( 0.00, 0.00)( 0.00, 0.00)( 0.00, 0.00)
 
(-0.03, 0.00)(-1.00, 0.00)( 2.93, 0.00)( 1.03, 0.00)(-0.11, 0.00)( 0.08, 0.00)(-0.03, 0.00)( 0.02, 0.00)(-0.00, 0.00)( 0.02, 0.00)(-0.00, 0.00)(-0.00, 0.00)( 0.00, 0.00)( 0.01, 0.00)( 0.00, 0.00)(-0.00, 0.00)(-0.00, 0.00)( 0.00, 0.00)( 0.00, 0.00)( 0.00, 0.00)
 
(-0.04, 0.00)(-0.08, 0.00)( 1.03, 0.00)( 1.85, 0.00)(-1.03, 0.00)( 0.15, 0.00)(-0.09, 0.00)( 0.04, 0.00)( 0.00, 0.00)( 0.03, 0.00)( 0.00, 0.00)( 0.00, 0.00)( 0.00, 0.00)( 0.02, 0.00)( 0.00, 0.00)( 0.00, 0.00)(-0.00, 0.00)(-0.00, 0.00)( 0.00, 0.00)( 0.00, 0.00)
 
( 0.01, 0.00)( 0.07, 0.00)(-0.11, 0.00)(-1.03, 0.00)( 0.66, 0.00)(-1.00, 0.00)( 0.19, 0.00)(-0.09, 0.00)(-0.00, 0.00)(-0.04, 0.00)( 0.00, 0.00)(-0.00, 0.00)(-0.00, 0.00)(-0.03, 0.00)( 0.00, 0.00)(-0.00, 0.00)(-0.00, 0.00)( 0.00, 0.00)(-0.00, 0.00)( 0.00, 0.00)
 
(-0.01, 0.00)(-0.02, 0.00)( 0.08, 0.00)( 0.15, 0.00)(-1.00, 0.00)(-0.52, 0.00)(-0.93, 0.00)( 0.19, 0.00)(-0.00, 0.00)( 0.08, 0.00)( 0.00, 0.00)( 0.00, 0.00)( 0.00, 0.00)( 0.04, 0.00)(-0.00, 0.00)( 0.00, 0.00)( 0.00, 0.00)( 0.00, 0.00)( 0.00, 0.00)(-0.00, 0.00)
 
( 0.01, 0.00)( 0.02, 0.00)(-0.03, 0.00)(-0.09, 0.00)( 0.19, 0.00)(-0.93, 0.00)(-1.59, 0.00)(-0.82, 0.00)(-0.00, 0.00)(-0.17, 0.00)(-0.00, 0.00)( 0.00, 0.00)(-0.00, 0.00)(-0.06, 0.00)(-0.00, 0.00)( 0.00, 0.00)( 0.00, 0.00)( 0.00, 0.00)( 0.00, 0.00)(-0.00, 0.00)
 
(-0.00, 0.00)(-0.01, 0.00)( 0.02, 0.00)( 0.04, 0.00)(-0.09, 0.00)( 0.19, 0.00)(-0.82, 0.00)(-2.60, 0.00)( 0.00, 0.00)( 0.67, 0.00)(-0.00, 0.00)( 0.00, 0.00)( 0.00, 0.00)( 0.13, 0.00)(-0.00, 0.00)( 0.00, 0.00)(-0.00, 0.00)( 0.00, 0.00)(-0.00, 0.00)( 0.00, 0.00)
 
( 0.00, 0.00)(-0.00, 0.00)(-0.00, 0.00)( 0.00, 0.00)(-0.00, 0.00)(-0.00, 0.00)(-0.00, 0.00)( 0.00, 0.00)( 4.24, 0.00)(-0.00, 0.00)( 0.85, 0.00)( 0.03, 0.00)( 0.04, 0.00)(-0.00, 0.00)( 0.01, 0.00)( 0.01, 0.00)(-0.01, 0.00)(-0.00, 0.00)(-0.00, 0.00)(-0.00, 0.00)
 
(-0.00, 0.00)(-0.01, 0.00)( 0.02, 0.00)( 0.03, 0.00)(-0.04, 0.00)( 0.08, 0.00)(-0.17, 0.00)( 0.67, 0.00)(-0.00, 0.00)(-3.71, 0.00)( 0.00, 0.00)( 0.00, 0.00)( 0.00, 0.00)( 0.47, 0.00)(-0.00, 0.00)( 0.00, 0.00)(-0.00, 0.00)(-0.00, 0.00)( 0.00, 0.00)(-0.00, 0.00)
 
(-0.00, 0.00)(-0.00, 0.00)(-0.00, 0.00)( 0.00, 0.00)( 0.00, 0.00)( 0.00, 0.00)(-0.00, 0.00)(-0.00, 0.00)( 0.85, 0.00)( 0.00, 0.00)( 3.78, 0.00)( 1.00, 0.00)( 0.08, 0.00)(-0.00, 0.00)( 0.07, 0.00)( 0.02, 0.00)(-0.02, 0.00)(-0.01, 0.00)(-0.01, 0.00)(-0.01, 0.00)
 
(-0.00, 0.00)( 0.00, 0.00)(-0.00, 0.00)( 0.00, 0.00)(-0.00, 0.00)( 0.00, 0.00)( 0.00, 0.00)( 0.00, 0.00)( 0.03, 0.00)( 0.00, 0.00)( 1.00, 0.00)( 2.93, 0.00)( 1.03, 0.00)(-0.00, 0.00)( 0.11, 0.00)( 0.08, 0.00)(-0.03, 0.00)(-0.02, 0.00)(-0.02, 0.00)(-0.01, 0.00)
 
(-0.00, 0.00)(-0.00, 0.00)( 0.00, 0.00)( 0.00, 0.00)(-0.00, 0.00)( 0.00, 0.00)(-0.00, 0.00)( 0.00, 0.00)( 0.04, 0.00)( 0.00, 0.00)( 0.08, 0.00)( 1.03, 0.00)( 1.85, 0.00)(-0.00, 0.00)( 1.03, 0.00)( 0.15, 0.00)(-0.09, 0.00)(-0.04, 0.00)(-0.03, 0.00)(-0.02, 0.00)
 
(-0.00, 0.00)(-0.01, 0.00)( 0.01, 0.00)( 0.02, 0.00)(-0.03, 0.00)( 0.04, 0.00)(-0.06, 0.00)( 0.13, 0.00)(-0.00, 0.00)( 0.47, 0.00)(-0.00, 0.00)(-0.00, 0.00)(-0.00, 0.00)(-5.04, 0.00)(-0.00, 0.00)(-0.00, 0.00)( 0.00, 0.00)( 0.00, 0.00)( 0.00, 0.00)( 0.00, 0.00)
 
(-0.00, 0.00)(-0.00, 0.00)( 0.00, 0.00)( 0.00, 0.00)( 0.00, 0.00)(-0.00, 0.00)(-0.00, 0.00)(-0.00, 0.00)( 0.01, 0.00)( 0.00, 0.00)( 0.07, 0.00)( 0.11, 0.00)( 1.03, 0.00)(-0.00, 0.00)( 0.66, 0.00)( 1.00, 0.00)(-0.19, 0.00)(-0.09, 0.00)(-0.04, 0.00)(-0.03, 0.00)
 
(-0.00, 0.00)( 0.00, 0.00)(-0.00, 0.00)( 0.00, 0.00)( 0.00, 0.00)( 0.00, 0.00)( 0.00, 0.00)( 0.00, 0.00)( 0.01, 0.00)( 0.00, 0.00)( 0.02, 0.00)( 0.08, 0.00)( 0.15, 0.00)(-0.00, 0.00)( 1.00, 0.00)(-0.52, 0.00)(-0.93, 0.00)(-0.19, 0.00)(-0.08, 0.00)(-0.04, 0.00)
 
( 0.00, 0.00)(-0.00, 0.00)(-0.00, 0.00)(-0.00, 0.00)(-0.00, 0.00)( 0.00, 0.00)( 0.00, 0.00)(-0.00, 0.00)(-0.01, 0.00)(-0.00, 0.00)(-0.02, 0.00)(-0.03, 0.00)(-0.09, 0.00)( 0.00, 0.00)(-0.19, 0.00)(-0.93, 0.00)(-1.59, 0.00)( 0.82, 0.00)( 0.17, 0.00)( 0.06, 0.00)
 
(-0.00, 0.00)( 0.00, 0.00)( 0.00, 0.00)(-0.00, 0.00)( 0.00, 0.00)( 0.00, 0.00)( 0.00, 0.00)( 0.00, 0.00)(-0.00, 0.00)(-0.00, 0.00)(-0.01, 0.00)(-0.02, 0.00)(-0.04, 0.00)( 0.00, 0.00)(-0.09, 0.00)(-0.19, 0.00)( 0.82, 0.00)(-2.60, 0.00)( 0.67, 0.00)( 0.13, 0.00)
 
(-0.00, 0.00)( 0.00, 0.00)( 0.00, 0.00)( 0.00, 0.00)(-0.00, 0.00)( 0.00, 0.00)( 0.00, 0.00)(-0.00, 0.00)(-0.00, 0.00)( 0.00, 0.00)(-0.01, 0.00)(-0.02, 0.00)(-0.03, 0.00)( 0.00, 0.00)(-0.04, 0.00)(-0.08, 0.00)( 0.17, 0.00)( 0.67, 0.00)(-3.71, 0.00)( 0.47, 0.00)
 
( 0.00, 0.00)( 0.00, 0.00)( 0.00, 0.00)( 0.00, 0.00)( 0.00, 0.00)(-0.00, 0.00)(-0.00, 0.00)( 0.00, 0.00)(-0.00, 0.00)(-0.00, 0.00)(-0.01, 0.00)(-0.01, 0.00)(-0.02, 0.00)( 0.00, 0.00)(-0.03, 0.00)(-0.04, 0.00)( 0.06, 0.00)( 0.13, 0.00)( 0.47, 0.00)(-5.04, 0.00)
 
 
 second operator read from: Q_rot.dat                                         
( 4.24, 0.00)( 0.85, 0.00)(-0.03, 0.00)(-0.04, 0.00)( 0.01, 0.00)(-0.01, 0.00)( 0.01, 0.00)(-0.00, 0.00)(-0.00, 0.00)(-0.00, 0.00)(-0.00, 0.00)(-0.00, 0.00)(-0.00, 0.00)(-0.00, 0.00)(-0.00, 0.00)(-0.00, 0.00)( 0.00, 0.00)(-0.00, 0.00)(-0.00, 0.00)( 0.00, 0.00)
 
( 0.85, 0.00)( 3.78, 0.00)(-1.00, 0.00)(-0.08, 0.00)( 0.07, 0.00)(-0.02, 0.00)( 0.02, 0.00)(-0.01, 0.00)(-0.00, 0.00)(-0.01, 0.00)( 0.00, 0.00)(-0.00, 0.00)(-0.00, 0.00)(-0.01, 0.00)(-0.00, 0.00)( 0.00, 0.00)(-0.00, 0.00)( 0.00, 0.00)( 0.00, 0.00)( 0.00, 0.00)
 
(-0.03, 0.00)(-1.00, 0.00)( 2.93, 0.00)( 1.03, 0.00)(-0.11, 0.00)( 0.08, 0.00)(-0.03, 0.00)( 0.02, 0.00)(-0.00, 0.00)( 0.02, 0.00)(-0.00, 0.00)(-0.00, 0.00)( 0.00, 0.00)( 0.01, 0.00)( 0.00, 0.00)(-0.00, 0.00)(-0.00, 0.00)( 0.00, 0.00)( 0.00, 0.00)( 0.00, 0.00)
 
(-0.04, 0.00)(-0.08, 0.00)( 1.03, 0.00)( 1.85, 0.00)(-1.03, 0.00)( 0.15, 0.00)(-0.09, 0.00)( 0.04, 0.00)( 0.00, 0.00)( 0.03, 0.00)( 0.00, 0.00)( 0.00, 0.00)( 0.00, 0.00)( 0.02, 0.00)( 0.00, 0.00)( 0.00, 0.00)(-0.00, 0.00)(-0.00, 0.00)( 0.00, 0.00)( 0.00, 0.00)
 
( 0.01, 0.00)( 0.07, 0.00)(-0.11, 0.00)(-1.03, 0.00)( 0.66, 0.00)(-1.00, 0.00)( 0.19, 0.00)(-0.09, 0.00)(-0.00, 0.00)(-0.04, 0.00)( 0.00, 0.00)(-0.00, 0.00)(-0.00, 0.00)(-0.03, 0.00)( 0.00, 0.00)(-0.00, 0.00)(-0.00, 0.00)( 0.00, 0.00)(-0.00, 0.00)( 0.00, 0.00)
 
(-0.01, 0.00)(-0.02, 0.00)( 0.08, 0.00)( 0.15, 0.00)(-1.00, 0.00)(-0.52, 0.00)(-0.93, 0.00)( 0.19, 0.00)(-0.00, 0.00)( 0.08, 0.00)( 0.00, 0.00)( 0.00, 0.00)( 0.00, 0.00)( 0.04, 0.00)(-0.00, 0.00)( 0.00, 0.00)( 0.00, 0.00)( 0.00, 0.00)( 0.00, 0.00)(-0.00, 0.00)
 
( 0.01, 0.00)( 0.02, 0.00)(-0.03, 0.00)(-0.09, 0.00)( 0.19, 0.00)(-0.93, 0.00)(-1.59, 0.00)(-0.82, 0.00)(-0.00, 0.00)(-0.17, 0.00)(-0.00, 0.00)( 0.00, 0.00)(-0.00, 0.00)(-0.06, 0.00)(-0.00, 0.00)( 0.00, 0.00)( 0.00, 0.00)( 0.00, 0.00)( 0.00, 0.00)(-0.00, 0.00)
 
(-0.00, 0.00)(-0.01, 0.00)( 0.02, 0.00)( 0.04, 0.00)(-0.09, 0.00)( 0.19, 0.00)(-0.82, 0.00)(-2.60, 0.00)( 0.00, 0.00)( 0.67, 0.00)(-0.00, 0.00)( 0.00, 0.00)( 0.00, 0.00)( 0.13, 0.00)(-0.00, 0.00)( 0.00, 0.00)(-0.00, 0.00)( 0.00, 0.00)(-0.00, 0.00)( 0.00, 0.00)
 
( 0.00, 0.00)(-0.00, 0.00)(-0.00, 0.00)( 0.00, 0.00)(-0.00, 0.00)(-0.00, 0.00)(-0.00, 0.00)( 0.00, 0.00)( 4.24, 0.00)(-0.00, 0.00)( 0.85, 0.00)( 0.03, 0.00)( 0.04, 0.00)(-0.00, 0.00)( 0.01, 0.00)( 0.01, 0.00)(-0.01, 0.00)(-0.00, 0.00)(-0.00, 0.00)(-0.00, 0.00)
 
(-0.00, 0.00)(-0.01, 0.00)( 0.02, 0.00)( 0.03, 0.00)(-0.04, 0.00)( 0.08, 0.00)(-0.17, 0.00)( 0.67, 0.00)(-0.00, 0.00)(-3.71, 0.00)( 0.00, 0.00)( 0.00, 0.00)( 0.00, 0.00)( 0.47, 0.00)(-0.00, 0.00)( 0.00, 0.00)(-0.00, 0.00)(-0.00, 0.00)( 0.00, 0.00)(-0.00, 0.00)
 
(-0.00, 0.00)(-0.00, 0.00)(-0.00, 0.00)( 0.00, 0.00)( 0.00, 0.00)( 0.00, 0.00)(-0.00, 0.00)(-0.00, 0.00)( 0.85, 0.00)( 0.00, 0.00)( 3.78, 0.00)( 1.00, 0.00)( 0.08, 0.00)(-0.00, 0.00)( 0.07, 0.00)( 0.02, 0.00)(-0.02, 0.00)(-0.01, 0.00)(-0.01, 0.00)(-0.01, 0.00)
 
(-0.00, 0.00)( 0.00, 0.00)(-0.00, 0.00)( 0.00, 0.00)(-0.00, 0.00)( 0.00, 0.00)( 0.00, 0.00)( 0.00, 0.00)( 0.03, 0.00)( 0.00, 0.00)( 1.00, 0.00)( 2.93, 0.00)( 1.03, 0.00)(-0.00, 0.00)( 0.11, 0.00)( 0.08, 0.00)(-0.03, 0.00)(-0.02, 0.00)(-0.02, 0.00)(-0.01, 0.00)
 
(-0.00, 0.00)(-0.00, 0.00)( 0.00, 0.00)( 0.00, 0.00)(-0.00, 0.00)( 0.00, 0.00)(-0.00, 0.00)( 0.00, 0.00)( 0.04, 0.00)( 0.00, 0.00)( 0.08, 0.00)( 1.03, 0.00)( 1.85, 0.00)(-0.00, 0.00)( 1.03, 0.00)( 0.15, 0.00)(-0.09, 0.00)(-0.04, 0.00)(-0.03, 0.00)(-0.02, 0.00)
 
(-0.00, 0.00)(-0.01, 0.00)( 0.01, 0.00)( 0.02, 0.00)(-0.03, 0.00)( 0.04, 0.00)(-0.06, 0.00)( 0.13, 0.00)(-0.00, 0.00)( 0.47, 0.00)(-0.00, 0.00)(-0.00, 0.00)(-0.00, 0.00)(-5.04, 0.00)(-0.00, 0.00)(-0.00, 0.00)( 0.00, 0.00)( 0.00, 0.00)( 0.00, 0.00)( 0.00, 0.00)
 
(-0.00, 0.00)(-0.00, 0.00)( 0.00, 0.00)( 0.00, 0.00)( 0.00, 0.00)(-0.00, 0.00)(-0.00, 0.00)(-0.00, 0.00)( 0.01, 0.00)( 0.00, 0.00)( 0.07, 0.00)( 0.11, 0.00)( 1.03, 0.00)(-0.00, 0.00)( 0.66, 0.00)( 1.00, 0.00)(-0.19, 0.00)(-0.09, 0.00)(-0.04, 0.00)(-0.03, 0.00)
 
(-0.00, 0.00)( 0.00, 0.00)(-0.00, 0.00)( 0.00, 0.00)( 0.00, 0.00)( 0.00, 0.00)( 0.00, 0.00)( 0.00, 0.00)( 0.01, 0.00)( 0.00, 0.00)( 0.02, 0.00)( 0.08, 0.00)( 0.15, 0.00)(-0.00, 0.00)( 1.00, 0.00)(-0.52, 0.00)(-0.93, 0.00)(-0.19, 0.00)(-0.08, 0.00)(-0.04, 0.00)
 
( 0.00, 0.00)(-0.00, 0.00)(-0.00, 0.00)(-0.00, 0.00)(-0.00, 0.00)( 0.00, 0.00)( 0.00, 0.00)(-0.00, 0.00)(-0.01, 0.00)(-0.00, 0.00)(-0.02, 0.00)(-0.03, 0.00)(-0.09, 0.00)( 0.00, 0.00)(-0.19, 0.00)(-0.93, 0.00)(-1.59, 0.00)( 0.82, 0.00)( 0.17, 0.00)( 0.06, 0.00)
 
(-0.00, 0.00)( 0.00, 0.00)( 0.00, 0.00)(-0.00, 0.00)( 0.00, 0.00)( 0.00, 0.00)( 0.00, 0.00)( 0.00, 0.00)(-0.00, 0.00)(-0.00, 0.00)(-0.01, 0.00)(-0.02, 0.00)(-0.04, 0.00)( 0.00, 0.00)(-0.09, 0.00)(-0.19, 0.00)( 0.82, 0.00)(-2.60, 0.00)( 0.67, 0.00)( 0.13, 0.00)
 
(-0.00, 0.00)( 0.00, 0.00)( 0.00, 0.00)( 0.00, 0.00)(-0.00, 0.00)( 0.00, 0.00)( 0.00, 0.00)(-0.00, 0.00)(-0.00, 0.00)( 0.00, 0.00)(-0.01, 0.00)(-0.02, 0.00)(-0.03, 0.00)( 0.00, 0.00)(-0.04, 0.00)(-0.08, 0.00)( 0.17, 0.00)( 0.67, 0.00)(-3.71, 0.00)( 0.47, 0.00)
 
( 0.00, 0.00)( 0.00, 0.00)( 0.00, 0.00)( 0.00, 0.00)( 0.00, 0.00)(-0.00, 0.00)(-0.00, 0.00)( 0.00, 0.00)(-0.00, 0.00)(-0.00, 0.00)(-0.01, 0.00)(-0.01, 0.00)(-0.02, 0.00)( 0.00, 0.00)(-0.03, 0.00)(-0.04, 0.00)( 0.06, 0.00)( 0.13, 0.00)( 0.47, 0.00)(-5.04, 0.00)
 
 
 
 Input name:
Time evolution parameters read from: NileRedTimeEvol.inp           
 Deltat:  0.100000000000000      fs, n° of timesteps:      100000
from t=0 to t=    9999.9000000000014552 fs
 I will save every            1  snapshots
 Integration method:
 RKU                                                                            
                      
Temperature:  300.00 K
 Type of density:
 GNU                                                                            
                      
 GammaType: 
 const                                                                          
                      
 Eventual constant:    1.00000000000000     
 =========================================
 
 ACHTUNG! For now the unitary evolution only is allowed! Take care
 Write the generating function
 Select the dynamics!
 Start evolution with Runge Kutta
 Evolved with Runge-Kutta!
 After the evolution
( 0.00E+00, 0.00E+00)( 0.20E+00, 0.83E+00)(-0.30E-01, 0.14E-01)(-0.43E-01, 0.11E-01)(-0.22E-02, 0.88E-02)(-0.95E-02, 0.48E-02)( 0.16E-02, 0.37E-02)(-0.57E-03, 0.14E-02)( 0.99E-17,-0.50E-17)( 0.70E-04,-0.70E-04)(-0.12E-16, 0.77E-17)(-0.76E-19, 0.55E-18)( 0.53E-20,-0.13E-19)(-0.68E-10,-0.20E-07)(-0.11E-25,-0.78E-24)( 0.25E-30,-0.30E-30)(-0.23E-40,-0.14E-40)(-0.24E-60, 0.27E-58)( 0.70E-93, 0.69E-92)( 0.62-162, 0.90-162)
 
( 0.20E+00,-0.83E+00)( 0.00E+00, 0.00E+00)( 0.00E+00, 0.00E+00)( 0.00E+00, 0.00E+00)( 0.00E+00, 0.00E+00)( 0.00E+00, 0.00E+00)( 0.00E+00, 0.00E+00)( 0.00E+00, 0.00E+00)( 0.00E+00, 0.00E+00)( 0.00E+00, 0.00E+00)( 0.00E+00, 0.00E+00)( 0.00E+00, 0.00E+00)( 0.00E+00, 0.00E+00)( 0.00E+00, 0.00E+00)( 0.00E+00, 0.00E+00)( 0.00E+00, 0.00E+00)( 0.00E+00, 0.00E+00)( 0.00E+00, 0.00E+00)( 0.00E+00, 0.00E+00)( 0.00E+00, 0.00E+00)
 
(-0.30E-01,-0.14E-01)( 0.00E+00, 0.00E+00)( 0.00E+00, 0.00E+00)( 0.00E+00, 0.00E+00)( 0.00E+00, 0.00E+00)( 0.00E+00, 0.00E+00)( 0.00E+00, 0.00E+00)( 0.00E+00, 0.00E+00)( 0.00E+00, 0.00E+00)( 0.00E+00, 0.00E+00)( 0.00E+00, 0.00E+00)( 0.00E+00, 0.00E+00)( 0.00E+00, 0.00E+00)( 0.00E+00, 0.00E+00)( 0.00E+00, 0.00E+00)( 0.00E+00, 0.00E+00)( 0.00E+00, 0.00E+00)( 0.00E+00, 0.00E+00)( 0.00E+00, 0.00E+00)( 0.00E+00, 0.00E+00)
 
(-0.43E-01,-0.11E-01)( 0.00E+00, 0.00E+00)( 0.00E+00, 0.00E+00)( 0.00E+00, 0.00E+00)( 0.00E+00, 0.00E+00)( 0.00E+00, 0.00E+00)( 0.00E+00, 0.00E+00)( 0.00E+00, 0.00E+00)( 0.00E+00, 0.00E+00)( 0.00E+00, 0.00E+00)( 0.00E+00, 0.00E+00)( 0.00E+00, 0.00E+00)( 0.00E+00, 0.00E+00)( 0.00E+00, 0.00E+00)( 0.00E+00, 0.00E+00)( 0.00E+00, 0.00E+00)( 0.00E+00, 0.00E+00)( 0.00E+00, 0.00E+00)( 0.00E+00, 0.00E+00)( 0.00E+00, 0.00E+00)
 
(-0.22E-02,-0.88E-02)( 0.00E+00, 0.00E+00)( 0.00E+00, 0.00E+00)( 0.00E+00, 0.00E+00)( 0.00E+00, 0.00E+00)( 0.00E+00, 0.00E+00)( 0.00E+00, 0.00E+00)( 0.00E+00, 0.00E+00)( 0.00E+00, 0.00E+00)( 0.00E+00, 0.00E+00)( 0.00E+00, 0.00E+00)( 0.00E+00, 0.00E+00)( 0.00E+00, 0.00E+00)( 0.00E+00, 0.00E+00)( 0.00E+00, 0.00E+00)( 0.00E+00, 0.00E+00)( 0.00E+00, 0.00E+00)( 0.00E+00, 0.00E+00)( 0.00E+00, 0.00E+00)( 0.00E+00, 0.00E+00)
 
(-0.95E-02,-0.48E-02)( 0.00E+00, 0.00E+00)( 0.00E+00, 0.00E+00)( 0.00E+00, 0.00E+00)( 0.00E+00, 0.00E+00)( 0.00E+00, 0.00E+00)( 0.00E+00, 0.00E+00)( 0.00E+00, 0.00E+00)( 0.00E+00, 0.00E+00)( 0.00E+00, 0.00E+00)( 0.00E+00, 0.00E+00)( 0.00E+00, 0.00E+00)( 0.00E+00, 0.00E+00)( 0.00E+00, 0.00E+00)( 0.00E+00, 0.00E+00)( 0.00E+00, 0.00E+00)( 0.00E+00, 0.00E+00)( 0.00E+00, 0.00E+00)( 0.00E+00, 0.00E+00)( 0.00E+00, 0.00E+00)
 
( 0.16E-02,-0.37E-02)( 0.00E+00, 0.00E+00)( 0.00E+00, 0.00E+00)( 0.00E+00, 0.00E+00)( 0.00E+00, 0.00E+00)( 0.00E+00, 0.00E+00)( 0.00E+00, 0.00E+00)( 0.00E+00, 0.00E+00)( 0.00E+00, 0.00E+00)( 0.00E+00, 0.00E+00)( 0.00E+00, 0.00E+00)( 0.00E+00, 0.00E+00)( 0.00E+00, 0.00E+00)( 0.00E+00, 0.00E+00)( 0.00E+00, 0.00E+00)( 0.00E+00, 0.00E+00)( 0.00E+00, 0.00E+00)( 0.00E+00, 0.00E+00)( 0.00E+00, 0.00E+00)( 0.00E+00, 0.00E+00)
 
(-0.57E-03,-0.14E-02)( 0.00E+00, 0.00E+00)( 0.00E+00, 0.00E+00)( 0.00E+00, 0.00E+00)( 0.00E+00, 0.00E+00)( 0.00E+00, 0.00E+00)( 0.00E+00, 0.00E+00)( 0.00E+00, 0.00E+00)( 0.00E+00, 0.00E+00)( 0.00E+00, 0.00E+00)( 0.00E+00, 0.00E+00)( 0.00E+00, 0.00E+00)( 0.00E+00, 0.00E+00)( 0.00E+00, 0.00E+00)( 0.00E+00, 0.00E+00)( 0.00E+00, 0.00E+00)( 0.00E+00, 0.00E+00)( 0.00E+00, 0.00E+00)( 0.00E+00, 0.00E+00)( 0.00E+00, 0.00E+00)
 
(-0.78E-17,-0.39E-17)( 0.00E+00, 0.00E+00)( 0.00E+00, 0.00E+00)( 0.00E+00, 0.00E+00)( 0.00E+00, 0.00E+00)( 0.00E+00, 0.00E+00)( 0.00E+00, 0.00E+00)( 0.00E+00, 0.00E+00)( 0.00E+00, 0.00E+00)( 0.00E+00, 0.00E+00)( 0.00E+00, 0.00E+00)( 0.00E+00, 0.00E+00)( 0.00E+00, 0.00E+00)( 0.00E+00, 0.00E+00)( 0.00E+00, 0.00E+00)( 0.00E+00, 0.00E+00)( 0.00E+00, 0.00E+00)( 0.00E+00, 0.00E+00)( 0.00E+00, 0.00E+00)( 0.00E+00, 0.00E+00)
 
( 0.70E-04, 0.70E-04)( 0.00E+00, 0.00E+00)( 0.00E+00, 0.00E+00)( 0.00E+00, 0.00E+00)( 0.00E+00, 0.00E+00)( 0.00E+00, 0.00E+00)( 0.00E+00, 0.00E+00)( 0.00E+00, 0.00E+00)( 0.00E+00, 0.00E+00)( 0.00E+00, 0.00E+00)( 0.00E+00, 0.00E+00)( 0.00E+00, 0.00E+00)( 0.00E+00, 0.00E+00)( 0.00E+00, 0.00E+00)( 0.00E+00, 0.00E+00)( 0.00E+00, 0.00E+00)( 0.00E+00, 0.00E+00)( 0.00E+00, 0.00E+00)( 0.00E+00, 0.00E+00)( 0.00E+00, 0.00E+00)
 
(-0.10E-16,-0.63E-17)( 0.00E+00, 0.00E+00)( 0.00E+00, 0.00E+00)( 0.00E+00, 0.00E+00)( 0.00E+00, 0.00E+00)( 0.00E+00, 0.00E+00)( 0.00E+00, 0.00E+00)( 0.00E+00, 0.00E+00)( 0.00E+00, 0.00E+00)( 0.00E+00, 0.00E+00)( 0.00E+00, 0.00E+00)( 0.00E+00, 0.00E+00)( 0.00E+00, 0.00E+00)( 0.00E+00, 0.00E+00)( 0.00E+00, 0.00E+00)( 0.00E+00, 0.00E+00)( 0.00E+00, 0.00E+00)( 0.00E+00, 0.00E+00)( 0.00E+00, 0.00E+00)( 0.00E+00, 0.00E+00)
 
(-0.71E-19,-0.52E-18)( 0.00E+00, 0.00E+00)( 0.00E+00, 0.00E+00)( 0.00E+00, 0.00E+00)( 0.00E+00, 0.00E+00)( 0.00E+00, 0.00E+00)( 0.00E+00, 0.00E+00)( 0.00E+00, 0.00E+00)( 0.00E+00, 0.00E+00)( 0.00E+00, 0.00E+00)( 0.00E+00, 0.00E+00)( 0.00E+00, 0.00E+00)( 0.00E+00, 0.00E+00)( 0.00E+00, 0.00E+00)( 0.00E+00, 0.00E+00)( 0.00E+00, 0.00E+00)( 0.00E+00, 0.00E+00)( 0.00E+00, 0.00E+00)( 0.00E+00, 0.00E+00)( 0.00E+00, 0.00E+00)
 
( 0.56E-20, 0.14E-19)( 0.00E+00, 0.00E+00)( 0.00E+00, 0.00E+00)( 0.00E+00, 0.00E+00)( 0.00E+00, 0.00E+00)( 0.00E+00, 0.00E+00)( 0.00E+00, 0.00E+00)( 0.00E+00, 0.00E+00)( 0.00E+00, 0.00E+00)( 0.00E+00, 0.00E+00)( 0.00E+00, 0.00E+00)( 0.00E+00, 0.00E+00)( 0.00E+00, 0.00E+00)( 0.00E+00, 0.00E+00)( 0.00E+00, 0.00E+00)( 0.00E+00, 0.00E+00)( 0.00E+00, 0.00E+00)( 0.00E+00, 0.00E+00)( 0.00E+00, 0.00E+00)( 0.00E+00, 0.00E+00)
 
(-0.68E-10, 0.20E-07)( 0.00E+00, 0.00E+00)( 0.00E+00, 0.00E+00)( 0.00E+00, 0.00E+00)( 0.00E+00, 0.00E+00)( 0.00E+00, 0.00E+00)( 0.00E+00, 0.00E+00)( 0.00E+00, 0.00E+00)( 0.00E+00, 0.00E+00)( 0.00E+00, 0.00E+00)( 0.00E+00, 0.00E+00)( 0.00E+00, 0.00E+00)( 0.00E+00, 0.00E+00)( 0.00E+00, 0.00E+00)( 0.00E+00, 0.00E+00)( 0.00E+00, 0.00E+00)( 0.00E+00, 0.00E+00)( 0.00E+00, 0.00E+00)( 0.00E+00, 0.00E+00)( 0.00E+00, 0.00E+00)
 
(-0.12E-25, 0.81E-24)( 0.00E+00, 0.00E+00)( 0.00E+00, 0.00E+00)( 0.00E+00, 0.00E+00)( 0.00E+00, 0.00E+00)( 0.00E+00, 0.00E+00)( 0.00E+00, 0.00E+00)( 0.00E+00, 0.00E+00)( 0.00E+00, 0.00E+00)( 0.00E+00, 0.00E+00)( 0.00E+00, 0.00E+00)( 0.00E+00, 0.00E+00)( 0.00E+00, 0.00E+00)( 0.00E+00, 0.00E+00)( 0.00E+00, 0.00E+00)( 0.00E+00, 0.00E+00)( 0.00E+00, 0.00E+00)( 0.00E+00, 0.00E+00)( 0.00E+00, 0.00E+00)( 0.00E+00, 0.00E+00)
 
( 0.23E-30, 0.27E-30)( 0.00E+00, 0.00E+00)( 0.00E+00, 0.00E+00)( 0.00E+00, 0.00E+00)( 0.00E+00, 0.00E+00)( 0.00E+00, 0.00E+00)( 0.00E+00, 0.00E+00)( 0.00E+00, 0.00E+00)( 0.00E+00, 0.00E+00)( 0.00E+00, 0.00E+00)( 0.00E+00, 0.00E+00)( 0.00E+00, 0.00E+00)( 0.00E+00, 0.00E+00)( 0.00E+00, 0.00E+00)( 0.00E+00, 0.00E+00)( 0.00E+00, 0.00E+00)( 0.00E+00, 0.00E+00)( 0.00E+00, 0.00E+00)( 0.00E+00, 0.00E+00)( 0.00E+00, 0.00E+00)
 
(-0.22E-40, 0.14E-40)( 0.00E+00, 0.00E+00)( 0.00E+00, 0.00E+00)( 0.00E+00, 0.00E+00)( 0.00E+00, 0.00E+00)( 0.00E+00, 0.00E+00)( 0.00E+00, 0.00E+00)( 0.00E+00, 0.00E+00)( 0.00E+00, 0.00E+00)( 0.00E+00, 0.00E+00)( 0.00E+00, 0.00E+00)( 0.00E+00, 0.00E+00)( 0.00E+00, 0.00E+00)( 0.00E+00, 0.00E+00)( 0.00E+00, 0.00E+00)( 0.00E+00, 0.00E+00)( 0.00E+00, 0.00E+00)( 0.00E+00, 0.00E+00)( 0.00E+00, 0.00E+00)( 0.00E+00, 0.00E+00)
 
(-0.24E-60,-0.27E-58)( 0.00E+00, 0.00E+00)( 0.00E+00, 0.00E+00)( 0.00E+00, 0.00E+00)( 0.00E+00, 0.00E+00)( 0.00E+00, 0.00E+00)( 0.00E+00, 0.00E+00)( 0.00E+00, 0.00E+00)( 0.00E+00, 0.00E+00)( 0.00E+00, 0.00E+00)( 0.00E+00, 0.00E+00)( 0.00E+00, 0.00E+00)( 0.00E+00, 0.00E+00)( 0.00E+00, 0.00E+00)( 0.00E+00, 0.00E+00)( 0.00E+00, 0.00E+00)( 0.00E+00, 0.00E+00)( 0.00E+00, 0.00E+00)( 0.00E+00, 0.00E+00)( 0.00E+00, 0.00E+00)
 
( 0.77E-93,-0.75E-92)( 0.00E+00, 0.00E+00)( 0.00E+00, 0.00E+00)( 0.00E+00, 0.00E+00)( 0.00E+00, 0.00E+00)( 0.00E+00, 0.00E+00)( 0.00E+00, 0.00E+00)( 0.00E+00, 0.00E+00)( 0.00E+00, 0.00E+00)( 0.00E+00, 0.00E+00)( 0.00E+00, 0.00E+00)( 0.00E+00, 0.00E+00)( 0.00E+00, 0.00E+00)( 0.00E+00, 0.00E+00)( 0.00E+00, 0.00E+00)( 0.00E+00, 0.00E+00)( 0.00E+00, 0.00E+00)( 0.00E+00, 0.00E+00)( 0.00E+00, 0.00E+00)( 0.00E+00, 0.00E+00)
 
( 0.61-162,-0.87-162)( 0.00E+00, 0.00E+00)( 0.00E+00, 0.00E+00)( 0.00E+00, 0.00E+00)( 0.00E+00, 0.00E+00)( 0.00E+00, 0.00E+00)( 0.00E+00, 0.00E+00)( 0.00E+00, 0.00E+00)( 0.00E+00, 0.00E+00)( 0.00E+00, 0.00E+00)( 0.00E+00, 0.00E+00)( 0.00E+00, 0.00E+00)( 0.00E+00, 0.00E+00)( 0.00E+00, 0.00E+00)( 0.00E+00, 0.00E+00)( 0.00E+00, 0.00E+00)( 0.00E+00, 0.00E+00)( 0.00E+00, 0.00E+00)( 0.00E+00, 0.00E+00)( 0.00E+00, 0.00E+00)
 
 
 End program!
